This file contains any messages produced by compilers while
running configure, to aid debugging if configure makes a mistake.

It was created by usbmuxd configure 1.1.1, which was
generated by GNU Autoconf 2.69.  Invocation command line was

  $ ./configure 

## --------- ##
## Platform. ##
## --------- ##

hostname = kist-B2
uname -m = x86_64
uname -r = 4.13.0-37-generic
uname -s = Linux
uname -v = #42~16.04.1-Ubuntu SMP Wed Mar 7 16:03:28 UTC 2018

/usr/bin/uname -p = unknown
/bin/uname -X     = unknown

/bin/arch              = unknown
/usr/bin/arch -k       = unknown
/usr/convex/getsysinfo = unknown
/usr/bin/hostinfo      = unknown
/bin/machine           = unknown
/usr/bin/oslevel       = unknown
/bin/universe          = unknown

PATH: /opt/ros/kinetic/bin
PATH: /usr/local/cuda-8.0/bin
PATH: /home/kist/bin
PATH: /home/kist/.local/bin
PATH: /usr/local/sbin
PATH: /usr/local/bin
PATH: /usr/sbin
PATH: /usr/bin
PATH: /sbin
PATH: /bin
PATH: /usr/games
PATH: /usr/local/games
PATH: /snap/bin
PATH: /usr/lib/jvm/java-8-oracle/bin
PATH: /usr/lib/jvm/java-8-oracle/db/bin
PATH: /usr/lib/jvm/java-8-oracle/jre/bin
PATH: /home/kist/Android/Sdk/tools
PATH: /home/kist/Android/Sdk/platform-tools
PATH: /usr/local/android-studio/bin
PATH: /home/kist/bin
PATH: /home/kist/Android/android-ndk-r14b


## ----------- ##
## Core tests. ##
## ----------- ##

configure:2571: checking for a BSD-compatible install
configure:2639: result: /usr/bin/install -c
configure:2650: checking whether build environment is sane
configure:2705: result: yes
configure:2856: checking for a thread-safe mkdir -p
configure:2895: result: /bin/mkdir -p
configure:2902: checking for gawk
configure:2932: result: no
configure:2902: checking for mawk
configure:2918: found /usr/bin/mawk
configure:2929: result: mawk
configure:2940: checking whether make sets $(MAKE)
configure:2962: result: yes
configure:2991: checking whether make supports nested variables
configure:3008: result: yes
configure:3145: checking whether make supports nested variables
configure:3162: result: yes
configure:3227: checking for gcc
configure:3243: found /usr/bin/gcc
configure:3254: result: gcc
configure:3483: checking for C compiler version
configure:3492: gcc --version >&5
gcc (Ubuntu 5.4.0-6ubuntu1~16.04.9) 5.4.0 20160609
Copyright (C) 2015 Free Software Foundation, Inc.
This is free software; see the source for copying conditions.  There is NO
warranty; not even for MERCHANTABILITY or FITNESS FOR A PARTICULAR PURPOSE.

configure:3503: $? = 0
configure:3492: gcc -v >&5
Using built-in specs.
COLLECT_GCC=gcc
COLLECT_LTO_WRAPPER=/usr/lib/gcc/x86_64-linux-gnu/5/lto-wrapper
Target: x86_64-linux-gnu
Configured with: ../src/configure -v --with-pkgversion='Ubuntu 5.4.0-6ubuntu1~16.04.9' --with-bugurl=file:///usr/share/doc/gcc-5/README.Bugs --enable-languages=c,ada,c++,java,go,d,fortran,objc,obj-c++ --prefix=/usr --program-suffix=-5 --enable-shared --enable-linker-build-id --libexecdir=/usr/lib --without-included-gettext --enable-threads=posix --libdir=/usr/lib --enable-nls --with-sysroot=/ --enable-clocale=gnu --enable-libstdcxx-debug --enable-libstdcxx-time=yes --with-default-libstdcxx-abi=new --enable-gnu-unique-object --disable-vtable-verify --enable-libmpx --enable-plugin --with-system-zlib --disable-browser-plugin --enable-java-awt=gtk --enable-gtk-cairo --with-java-home=/usr/lib/jvm/java-1.5.0-gcj-5-amd64/jre --enable-java-home --with-jvm-root-dir=/usr/lib/jvm/java-1.5.0-gcj-5-amd64 --with-jvm-jar-dir=/usr/lib/jvm-exports/java-1.5.0-gcj-5-amd64 --with-arch-directory=amd64 --with-ecj-jar=/usr/share/java/eclipse-ecj.jar --enable-objc-gc --enable-multiarch --disable-werror --with-arch-32=i686 --with-abi=m64 --with-multilib-list=m32,m64,mx32 --enable-multilib --with-tune=generic --enable-checking=release --build=x86_64-linux-gnu --host=x86_64-linux-gnu --target=x86_64-linux-gnu
Thread model: posix
gcc version 5.4.0 20160609 (Ubuntu 5.4.0-6ubuntu1~16.04.9) 
configure:3503: $? = 0
configure:3492: gcc -V >&5
gcc: error: unrecognized command line option '-V'
gcc: fatal error: no input files
compilation terminated.
configure:3503: $? = 1
configure:3492: gcc -qversion >&5
gcc: error: unrecognized command line option '-qversion'
gcc: fatal error: no input files
compilation terminated.
configure:3503: $? = 1
configure:3523: checking whether the C compiler works
configure:3545: gcc    conftest.c  >&5
configure:3549: $? = 0
configure:3597: result: yes
configure:3600: checking for C compiler default output file name
configure:3602: result: a.out
configure:3608: checking for suffix of executables
configure:3615: gcc -o conftest    conftest.c  >&5
configure:3619: $? = 0
configure:3641: result: 
configure:3663: checking whether we are cross compiling
configure:3671: gcc -o conftest    conftest.c  >&5
configure:3675: $? = 0
configure:3682: ./conftest
configure:3686: $? = 0
configure:3701: result: no
configure:3706: checking for suffix of object files
configure:3728: gcc -c   conftest.c >&5
configure:3732: $? = 0
configure:3753: result: o
configure:3757: checking whether we are using the GNU C compiler
configure:3776: gcc -c   conftest.c >&5
configure:3776: $? = 0
configure:3785: result: yes
configure:3794: checking whether gcc accepts -g
configure:3814: gcc -c -g  conftest.c >&5
configure:3814: $? = 0
configure:3855: result: yes
configure:3872: checking for gcc option to accept ISO C89
configure:3935: gcc  -c -g -O2  conftest.c >&5
configure:3935: $? = 0
configure:3948: result: none needed
configure:3973: checking whether gcc understands -c and -o together
configure:3995: gcc -c conftest.c -o conftest2.o
configure:3998: $? = 0
configure:3995: gcc -c conftest.c -o conftest2.o
configure:3998: $? = 0
configure:4010: result: yes
configure:4038: checking for style of include used by make
configure:4066: result: GNU
configure:4092: checking dependency style of gcc
configure:4203: result: gcc3
configure:4276: checking for g++
configure:4292: found /usr/bin/g++
configure:4303: result: g++
configure:4330: checking for C++ compiler version
configure:4339: g++ --version >&5
g++ (Ubuntu 5.4.0-6ubuntu1~16.04.9) 5.4.0 20160609
Copyright (C) 2015 Free Software Foundation, Inc.
This is free software; see the source for copying conditions.  There is NO
warranty; not even for MERCHANTABILITY or FITNESS FOR A PARTICULAR PURPOSE.

configure:4350: $? = 0
configure:4339: g++ -v >&5
Using built-in specs.
COLLECT_GCC=g++
COLLECT_LTO_WRAPPER=/usr/lib/gcc/x86_64-linux-gnu/5/lto-wrapper
Target: x86_64-linux-gnu
Configured with: ../src/configure -v --with-pkgversion='Ubuntu 5.4.0-6ubuntu1~16.04.9' --with-bugurl=file:///usr/share/doc/gcc-5/README.Bugs --enable-languages=c,ada,c++,java,go,d,fortran,objc,obj-c++ --prefix=/usr --program-suffix=-5 --enable-shared --enable-linker-build-id --libexecdir=/usr/lib --without-included-gettext --enable-threads=posix --libdir=/usr/lib --enable-nls --with-sysroot=/ --enable-clocale=gnu --enable-libstdcxx-debug --enable-libstdcxx-time=yes --with-default-libstdcxx-abi=new --enable-gnu-unique-object --disable-vtable-verify --enable-libmpx --enable-plugin --with-system-zlib --disable-browser-plugin --enable-java-awt=gtk --enable-gtk-cairo --with-java-home=/usr/lib/jvm/java-1.5.0-gcj-5-amd64/jre --enable-java-home --with-jvm-root-dir=/usr/lib/jvm/java-1.5.0-gcj-5-amd64 --with-jvm-jar-dir=/usr/lib/jvm-exports/java-1.5.0-gcj-5-amd64 --with-arch-directory=amd64 --with-ecj-jar=/usr/share/java/eclipse-ecj.jar --enable-objc-gc --enable-multiarch --disable-werror --with-arch-32=i686 --with-abi=m64 --with-multilib-list=m32,m64,mx32 --enable-multilib --with-tune=generic --enable-checking=release --build=x86_64-linux-gnu --host=x86_64-linux-gnu --target=x86_64-linux-gnu
Thread model: posix
gcc version 5.4.0 20160609 (Ubuntu 5.4.0-6ubuntu1~16.04.9) 
configure:4350: $? = 0
configure:4339: g++ -V >&5
g++: error: unrecognized command line option '-V'
g++: fatal error: no input files
compilation terminated.
configure:4350: $? = 1
configure:4339: g++ -qversion >&5
g++: error: unrecognized command line option '-qversion'
g++: fatal error: no input files
compilation terminated.
configure:4350: $? = 1
configure:4354: checking whether we are using the GNU C++ compiler
configure:4373: g++ -c   conftest.cpp >&5
configure:4373: $? = 0
configure:4382: result: yes
configure:4391: checking whether g++ accepts -g
configure:4411: g++ -c -g  conftest.cpp >&5
configure:4411: $? = 0
configure:4452: result: yes
configure:4477: checking dependency style of g++
configure:4588: result: gcc3
configure:4633: checking build system type
configure:4647: result: x86_64-pc-linux-gnu
configure:4667: checking host system type
configure:4680: result: x86_64-pc-linux-gnu
configure:4721: checking how to print strings
configure:4748: result: printf
configure:4769: checking for a sed that does not truncate output
configure:4833: result: /bin/sed
configure:4851: checking for grep that handles long lines and -e
configure:4909: result: /bin/grep
configure:4914: checking for egrep
configure:4976: result: /bin/grep -E
configure:4981: checking for fgrep
configure:5043: result: /bin/grep -F
configure:5078: checking for ld used by gcc
configure:5145: result: /usr/bin/ld
configure:5152: checking if the linker (/usr/bin/ld) is GNU ld
configure:5167: result: yes
configure:5179: checking for BSD- or MS-compatible name lister (nm)
configure:5233: result: /usr/bin/nm -B
configure:5363: checking the name lister (/usr/bin/nm -B) interface
configure:5370: gcc -c -g -O2  conftest.c >&5
configure:5373: /usr/bin/nm -B "conftest.o"
configure:5376: output
0000000000000000 B some_variable
configure:5383: result: BSD nm
configure:5386: checking whether ln -s works
configure:5390: result: yes
configure:5398: checking the maximum length of command line arguments
configure:5529: result: 1572864
configure:5577: checking how to convert x86_64-pc-linux-gnu file names to x86_64-pc-linux-gnu format
configure:5617: result: func_convert_file_noop
configure:5624: checking how to convert x86_64-pc-linux-gnu file names to toolchain format
configure:5644: result: func_convert_file_noop
configure:5651: checking for /usr/bin/ld option to reload object files
configure:5658: result: -r
configure:5732: checking for objdump
configure:5748: found /usr/bin/objdump
configure:5759: result: objdump
configure:5791: checking how to recognize dependent libraries
configure:5991: result: pass_all
configure:6076: checking for dlltool
configure:6106: result: no
configure:6136: checking how to associate runtime and link libraries
configure:6163: result: printf %s\n
configure:6224: checking for ar
configure:6240: found /usr/bin/ar
configure:6251: result: ar
configure:6288: checking for archiver @FILE support
configure:6305: gcc -c -g -O2  conftest.c >&5
configure:6305: $? = 0
configure:6308: ar cru libconftest.a @conftest.lst >&5
ar: `u' modifier ignored since `D' is the default (see `U')
configure:6311: $? = 0
configure:6316: ar cru libconftest.a @conftest.lst >&5
ar: `u' modifier ignored since `D' is the default (see `U')
ar: conftest.o: No such file or directory
configure:6319: $? = 1
configure:6331: result: @
configure:6389: checking for strip
configure:6405: found /usr/bin/strip
configure:6416: result: strip
configure:6488: checking for ranlib
configure:6504: found /usr/bin/ranlib
configure:6515: result: ranlib
configure:6617: checking command to parse /usr/bin/nm -B output from gcc object
configure:6770: gcc -c -g -O2  conftest.c >&5
configure:6773: $? = 0
configure:6777: /usr/bin/nm -B conftest.o \| sed -n -e 's/^.*[ ]\([ABCDGIRSTW][ABCDGIRSTW]*\)[ ][ ]*\([_A-Za-z][_A-Za-z0-9]*\)$/\1 \2 \2/p' | sed '/ __gnu_lto/d' \> conftest.nm
configure:6780: $? = 0
configure:6846: gcc -o conftest -g -O2   conftest.c conftstm.o >&5
configure:6849: $? = 0
configure:6887: result: ok
configure:6934: checking for sysroot
configure:6964: result: no
configure:6971: checking for a working dd
configure:7009: result: /bin/dd
configure:7013: checking how to truncate binary pipes
configure:7028: result: /bin/dd bs=4096 count=1
configure:7164: gcc -c -g -O2  conftest.c >&5
configure:7167: $? = 0
configure:7357: checking for mt
configure:7373: found /bin/mt
configure:7384: result: mt
configure:7407: checking if mt is a manifest tool
configure:7413: mt '-?'
configure:7421: result: no
configure:8098: checking how to run the C preprocessor
configure:8129: gcc -E  conftest.c
configure:8129: $? = 0
configure:8143: gcc -E  conftest.c
conftest.c:11:28: fatal error: ac_nonexistent.h: No such file or directory
compilation terminated.
configure:8143: $? = 1
configure: failed program was:
| /* confdefs.h */
| #define PACKAGE_NAME "usbmuxd"
| #define PACKAGE_TARNAME "usbmuxd"
| #define PACKAGE_VERSION "1.1.1"
| #define PACKAGE_STRING "usbmuxd 1.1.1"
| #define PACKAGE_BUGREPORT "https://github.com/libimobiledevice/usbmuxd/issues"
| #define PACKAGE_URL "http://libimobiledevice.org"
| #define PACKAGE "usbmuxd"
| #define VERSION "1.1.1"
| /* end confdefs.h.  */
| #include <ac_nonexistent.h>
configure:8168: result: gcc -E
configure:8188: gcc -E  conftest.c
configure:8188: $? = 0
configure:8202: gcc -E  conftest.c
conftest.c:11:28: fatal error: ac_nonexistent.h: No such file or directory
compilation terminated.
configure:8202: $? = 1
configure: failed program was:
| /* confdefs.h */
| #define PACKAGE_NAME "usbmuxd"
| #define PACKAGE_TARNAME "usbmuxd"
| #define PACKAGE_VERSION "1.1.1"
| #define PACKAGE_STRING "usbmuxd 1.1.1"
| #define PACKAGE_BUGREPORT "https://github.com/libimobiledevice/usbmuxd/issues"
| #define PACKAGE_URL "http://libimobiledevice.org"
| #define PACKAGE "usbmuxd"
| #define VERSION "1.1.1"
| /* end confdefs.h.  */
| #include <ac_nonexistent.h>
configure:8231: checking for ANSI C header files
configure:8251: gcc -c -g -O2  conftest.c >&5
configure:8251: $? = 0
configure:8324: gcc -o conftest -g -O2   conftest.c  >&5
configure:8324: $? = 0
configure:8324: ./conftest
configure:8324: $? = 0
configure:8335: result: yes
configure:8348: checking for sys/types.h
configure:8348: gcc -c -g -O2  conftest.c >&5
configure:8348: $? = 0
configure:8348: result: yes
configure:8348: checking for sys/stat.h
configure:8348: gcc -c -g -O2  conftest.c >&5
configure:8348: $? = 0
configure:8348: result: yes
configure:8348: checking for stdlib.h
configure:8348: gcc -c -g -O2  conftest.c >&5
configure:8348: $? = 0
configure:8348: result: yes
configure:8348: checking for string.h
configure:8348: gcc -c -g -O2  conftest.c >&5
configure:8348: $? = 0
configure:8348: result: yes
configure:8348: checking for memory.h
configure:8348: gcc -c -g -O2  conftest.c >&5
configure:8348: $? = 0
configure:8348: result: yes
configure:8348: checking for strings.h
configure:8348: gcc -c -g -O2  conftest.c >&5
configure:8348: $? = 0
configure:8348: result: yes
configure:8348: checking for inttypes.h
configure:8348: gcc -c -g -O2  conftest.c >&5
configure:8348: $? = 0
configure:8348: result: yes
configure:8348: checking for stdint.h
configure:8348: gcc -c -g -O2  conftest.c >&5
configure:8348: $? = 0
configure:8348: result: yes
configure:8348: checking for unistd.h
configure:8348: gcc -c -g -O2  conftest.c >&5
configure:8348: $? = 0
configure:8348: result: yes
configure:8362: checking for dlfcn.h
configure:8362: gcc -c -g -O2  conftest.c >&5
configure:8362: $? = 0
configure:8362: result: yes
configure:8629: checking for objdir
configure:8644: result: .libs
configure:8908: checking if gcc supports -fno-rtti -fno-exceptions
configure:8926: gcc -c -g -O2  -fno-rtti -fno-exceptions conftest.c >&5
cc1: warning: command line option '-fno-rtti' is valid for C++/ObjC++ but not for C
configure:8930: $? = 0
configure:8943: result: no
configure:9301: checking for gcc option to produce PIC
configure:9308: result: -fPIC -DPIC
configure:9316: checking if gcc PIC flag -fPIC -DPIC works
configure:9334: gcc -c -g -O2  -fPIC -DPIC -DPIC conftest.c >&5
configure:9338: $? = 0
configure:9351: result: yes
configure:9380: checking if gcc static flag -static works
configure:9408: result: yes
configure:9423: checking if gcc supports -c -o file.o
configure:9444: gcc -c -g -O2  -o out/conftest2.o conftest.c >&5
configure:9448: $? = 0
configure:9470: result: yes
configure:9478: checking if gcc supports -c -o file.o
configure:9525: result: yes
configure:9558: checking whether the gcc linker (/usr/bin/ld -m elf_x86_64) supports shared libraries
configure:10821: result: yes
configure:10858: checking whether -lc should be explicitly linked in
configure:10866: gcc -c -g -O2  conftest.c >&5
configure:10869: $? = 0
configure:10884: gcc -shared  -fPIC -DPIC conftest.o  -v -Wl,-soname -Wl,conftest -o conftest 2\>\&1 \| /bin/grep  -lc  \>/dev/null 2\>\&1
configure:10887: $? = 0
configure:10901: result: no
configure:11061: checking dynamic linker characteristics
configure:11642: gcc -o conftest -g -O2   -Wl,-rpath -Wl,/foo conftest.c  >&5
configure:11642: $? = 0
configure:11891: result: GNU/Linux ld.so
configure:12013: checking how to hardcode library paths into programs
configure:12038: result: immediate
configure:12586: checking whether stripping libraries is possible
configure:12591: result: yes
configure:12626: checking if libtool supports shared libraries
configure:12628: result: yes
configure:12631: checking whether to build shared libraries
configure:12656: result: yes
configure:12659: checking whether to build static libraries
configure:12663: result: yes
configure:12686: checking how to run the C++ preprocessor
configure:12713: g++ -E  conftest.cpp
configure:12713: $? = 0
configure:12727: g++ -E  conftest.cpp
conftest.cpp:23:28: fatal error: ac_nonexistent.h: No such file or directory
compilation terminated.
configure:12727: $? = 1
configure: failed program was:
| /* confdefs.h */
| #define PACKAGE_NAME "usbmuxd"
| #define PACKAGE_TARNAME "usbmuxd"
| #define PACKAGE_VERSION "1.1.1"
| #define PACKAGE_STRING "usbmuxd 1.1.1"
| #define PACKAGE_BUGREPORT "https://github.com/libimobiledevice/usbmuxd/issues"
| #define PACKAGE_URL "http://libimobiledevice.org"
| #define PACKAGE "usbmuxd"
| #define VERSION "1.1.1"
| #define STDC_HEADERS 1
| #define HAVE_SYS_TYPES_H 1
| #define HAVE_SYS_STAT_H 1
| #define HAVE_STDLIB_H 1
| #define HAVE_STRING_H 1
| #define HAVE_MEMORY_H 1
| #define HAVE_STRINGS_H 1
| #define HAVE_INTTYPES_H 1
| #define HAVE_STDINT_H 1
| #define HAVE_UNISTD_H 1
| #define HAVE_DLFCN_H 1
| #define LT_OBJDIR ".libs/"
| /* end confdefs.h.  */
| #include <ac_nonexistent.h>
configure:12752: result: g++ -E
configure:12772: g++ -E  conftest.cpp
configure:12772: $? = 0
configure:12786: g++ -E  conftest.cpp
conftest.cpp:23:28: fatal error: ac_nonexistent.h: No such file or directory
compilation terminated.
configure:12786: $? = 1
configure: failed program was:
| /* confdefs.h */
| #define PACKAGE_NAME "usbmuxd"
| #define PACKAGE_TARNAME "usbmuxd"
| #define PACKAGE_VERSION "1.1.1"
| #define PACKAGE_STRING "usbmuxd 1.1.1"
| #define PACKAGE_BUGREPORT "https://github.com/libimobiledevice/usbmuxd/issues"
| #define PACKAGE_URL "http://libimobiledevice.org"
| #define PACKAGE "usbmuxd"
| #define VERSION "1.1.1"
| #define STDC_HEADERS 1
| #define HAVE_SYS_TYPES_H 1
| #define HAVE_SYS_STAT_H 1
| #define HAVE_STDLIB_H 1
| #define HAVE_STRING_H 1
| #define HAVE_MEMORY_H 1
| #define HAVE_STRINGS_H 1
| #define HAVE_INTTYPES_H 1
| #define HAVE_STDINT_H 1
| #define HAVE_UNISTD_H 1
| #define HAVE_DLFCN_H 1
| #define LT_OBJDIR ".libs/"
| /* end confdefs.h.  */
| #include <ac_nonexistent.h>
configure:12948: checking for ld used by g++
configure:13015: result: /usr/bin/ld -m elf_x86_64
configure:13022: checking if the linker (/usr/bin/ld -m elf_x86_64) is GNU ld
configure:13037: result: yes
configure:13092: checking whether the g++ linker (/usr/bin/ld -m elf_x86_64) supports shared libraries
configure:14165: result: yes
configure:14201: g++ -c -g -O2  conftest.cpp >&5
configure:14204: $? = 0
configure:14685: checking for g++ option to produce PIC
configure:14692: result: -fPIC -DPIC
configure:14700: checking if g++ PIC flag -fPIC -DPIC works
configure:14718: g++ -c -g -O2  -fPIC -DPIC -DPIC conftest.cpp >&5
configure:14722: $? = 0
configure:14735: result: yes
configure:14758: checking if g++ static flag -static works
configure:14786: result: yes
configure:14798: checking if g++ supports -c -o file.o
configure:14819: g++ -c -g -O2  -o out/conftest2.o conftest.cpp >&5
configure:14823: $? = 0
configure:14845: result: yes
configure:14850: checking if g++ supports -c -o file.o
configure:14897: result: yes
configure:14927: checking whether the g++ linker (/usr/bin/ld -m elf_x86_64) supports shared libraries
configure:14970: result: yes
configure:15111: checking dynamic linker characteristics
configure:15868: result: GNU/Linux ld.so
configure:15933: checking how to hardcode library paths into programs
configure:15958: result: immediate
configure:16075: checking for pkg-config
configure:16093: found /usr/bin/pkg-config
configure:16105: result: /usr/bin/pkg-config
configure:16130: checking pkg-config is at least version 0.9.0
configure:16133: result: yes
configure:16143: checking for libusb
configure:16150: $PKG_CONFIG --exists --print-errors "libusb-1.0 >= 1.0.9"
configure:16153: $? = 0
configure:16167: $PKG_CONFIG --exists --print-errors "libusb-1.0 >= 1.0.9"
configure:16170: $? = 0
configure:16228: result: yes
configure:16234: checking for libplist
configure:16241: $PKG_CONFIG --exists --print-errors "libplist >= 1.11"
configure:16244: $? = 0
configure:16258: $PKG_CONFIG --exists --print-errors "libplist >= 1.11"
configure:16261: $? = 0
configure:16319: result: yes
configure:16325: checking for libimobiledevice
configure:16332: $PKG_CONFIG --exists --print-errors "libimobiledevice-1.0 >= 1.1.6"
configure:16335: $? = 0
configure:16349: $PKG_CONFIG --exists --print-errors "libimobiledevice-1.0 >= 1.1.6"
configure:16352: $? = 0
configure:16390: result: yes
configure:16394: checking for pthread_create, pthread_mutex_lock in -lpthread
configure:16419: gcc -o conftest -g -O2   conftest.c -lpthread   >&5
configure:16419: $? = 0
configure:16428: result: yes
configure:16520: checking for ANSI C header files
configure:16624: result: yes
configure:16635: checking for stdint.h
configure:16635: result: yes
configure:16635: checking for stdlib.h
configure:16635: result: yes
configure:16635: checking for string.h
configure:16635: result: yes
configure:16647: checking for an ANSI C-conforming const
configure:16713: gcc -c -g -O2  conftest.c >&5
configure:16713: $? = 0
configure:16720: result: yes
configure:16728: checking for size_t
configure:16728: gcc -c -g -O2  conftest.c >&5
configure:16728: $? = 0
configure:16728: gcc -c -g -O2  conftest.c >&5
conftest.c: In function 'main':
conftest.c:64:21: error: expected expression before ')' token
 if (sizeof ((size_t)))
                     ^
configure:16728: $? = 1
configure: failed program was:
| /* confdefs.h */
| #define PACKAGE_NAME "usbmuxd"
| #define PACKAGE_TARNAME "usbmuxd"
| #define PACKAGE_VERSION "1.1.1"
| #define PACKAGE_STRING "usbmuxd 1.1.1"
| #define PACKAGE_BUGREPORT "https://github.com/libimobiledevice/usbmuxd/issues"
| #define PACKAGE_URL "http://libimobiledevice.org"
| #define PACKAGE "usbmuxd"
| #define VERSION "1.1.1"
| #define STDC_HEADERS 1
| #define HAVE_SYS_TYPES_H 1
| #define HAVE_SYS_STAT_H 1
| #define HAVE_STDLIB_H 1
| #define HAVE_STRING_H 1
| #define HAVE_MEMORY_H 1
| #define HAVE_STRINGS_H 1
| #define HAVE_INTTYPES_H 1
| #define HAVE_STDINT_H 1
| #define HAVE_UNISTD_H 1
| #define HAVE_DLFCN_H 1
| #define LT_OBJDIR ".libs/"
| #define HAVE_LIBIMOBILEDEVICE 1
| #define STDC_HEADERS 1
| #define HAVE_STDINT_H 1
| #define HAVE_STDLIB_H 1
| #define HAVE_STRING_H 1
| /* end confdefs.h.  */
| #include <stdio.h>
| #ifdef HAVE_SYS_TYPES_H
| # include <sys/types.h>
| #endif
| #ifdef HAVE_SYS_STAT_H
| # include <sys/stat.h>
| #endif
| #ifdef STDC_HEADERS
| # include <stdlib.h>
| # include <stddef.h>
| #else
| # ifdef HAVE_STDLIB_H
| #  include <stdlib.h>
| # endif
| #endif
| #ifdef HAVE_STRING_H
| # if !defined STDC_HEADERS && defined HAVE_MEMORY_H
| #  include <memory.h>
| # endif
| # include <string.h>
| #endif
| #ifdef HAVE_STRINGS_H
| # include <strings.h>
| #endif
| #ifdef HAVE_INTTYPES_H
| # include <inttypes.h>
| #endif
| #ifdef HAVE_STDINT_H
| # include <stdint.h>
| #endif
| #ifdef HAVE_UNISTD_H
| # include <unistd.h>
| #endif
| int
| main ()
| {
| if (sizeof ((size_t)))
| 	    return 0;
|   ;
|   return 0;
| }
configure:16728: result: yes
configure:16739: checking for ssize_t
configure:16739: gcc -c -g -O2  conftest.c >&5
configure:16739: $? = 0
configure:16739: gcc -c -g -O2  conftest.c >&5
conftest.c: In function 'main':
conftest.c:64:22: error: expected expression before ')' token
 if (sizeof ((ssize_t)))
                      ^
configure:16739: $? = 1
configure: failed program was:
| /* confdefs.h */
| #define PACKAGE_NAME "usbmuxd"
| #define PACKAGE_TARNAME "usbmuxd"
| #define PACKAGE_VERSION "1.1.1"
| #define PACKAGE_STRING "usbmuxd 1.1.1"
| #define PACKAGE_BUGREPORT "https://github.com/libimobiledevice/usbmuxd/issues"
| #define PACKAGE_URL "http://libimobiledevice.org"
| #define PACKAGE "usbmuxd"
| #define VERSION "1.1.1"
| #define STDC_HEADERS 1
| #define HAVE_SYS_TYPES_H 1
| #define HAVE_SYS_STAT_H 1
| #define HAVE_STDLIB_H 1
| #define HAVE_STRING_H 1
| #define HAVE_MEMORY_H 1
| #define HAVE_STRINGS_H 1
| #define HAVE_INTTYPES_H 1
| #define HAVE_STDINT_H 1
| #define HAVE_UNISTD_H 1
| #define HAVE_DLFCN_H 1
| #define LT_OBJDIR ".libs/"
| #define HAVE_LIBIMOBILEDEVICE 1
| #define STDC_HEADERS 1
| #define HAVE_STDINT_H 1
| #define HAVE_STDLIB_H 1
| #define HAVE_STRING_H 1
| /* end confdefs.h.  */
| #include <stdio.h>
| #ifdef HAVE_SYS_TYPES_H
| # include <sys/types.h>
| #endif
| #ifdef HAVE_SYS_STAT_H
| # include <sys/stat.h>
| #endif
| #ifdef STDC_HEADERS
| # include <stdlib.h>
| # include <stddef.h>
| #else
| # ifdef HAVE_STDLIB_H
| #  include <stdlib.h>
| # endif
| #endif
| #ifdef HAVE_STRING_H
| # if !defined STDC_HEADERS && defined HAVE_MEMORY_H
| #  include <memory.h>
| # endif
| # include <string.h>
| #endif
| #ifdef HAVE_STRINGS_H
| # include <strings.h>
| #endif
| #ifdef HAVE_INTTYPES_H
| # include <inttypes.h>
| #endif
| #ifdef HAVE_STDINT_H
| # include <stdint.h>
| #endif
| #ifdef HAVE_UNISTD_H
| # include <unistd.h>
| #endif
| int
| main ()
| {
| if (sizeof ((ssize_t)))
| 	    return 0;
|   ;
|   return 0;
| }
configure:16739: result: yes
configure:16750: checking for uint16_t
configure:16750: gcc -c -g -O2  conftest.c >&5
configure:16750: $? = 0
configure:16750: result: yes
configure:16762: checking for uint32_t
configure:16762: gcc -c -g -O2  conftest.c >&5
configure:16762: $? = 0
configure:16762: result: yes
configure:16776: checking for uint8_t
configure:16776: gcc -c -g -O2  conftest.c >&5
configure:16776: $? = 0
configure:16776: result: yes
configure:16794: checking for stdlib.h
configure:16794: result: yes
configure:16804: checking for GNU libc compatible malloc
configure:16828: gcc -o conftest -g -O2   conftest.c  >&5
configure:16828: $? = 0
configure:16828: ./conftest
configure:16828: $? = 0
configure:16838: result: yes
configure:16861: checking for stdlib.h
configure:16861: result: yes
configure:16871: checking for GNU libc compatible realloc
configure:16895: gcc -o conftest -g -O2   conftest.c  >&5
configure:16895: $? = 0
configure:16895: ./conftest
configure:16895: $? = 0
configure:16905: result: yes
configure:16929: checking for strcasecmp
configure:16929: gcc -o conftest -g -O2   conftest.c  >&5
conftest.c:55:6: warning: conflicting types for built-in function 'strcasecmp'
 char strcasecmp ();
      ^
configure:16929: $? = 0
configure:16929: result: yes
configure:16929: checking for strdup
configure:16929: gcc -o conftest -g -O2   conftest.c  >&5
conftest.c:56:6: warning: conflicting types for built-in function 'strdup'
 char strdup ();
      ^
configure:16929: $? = 0
configure:16929: result: yes
configure:16929: checking for strerror
configure:16929: gcc -o conftest -g -O2   conftest.c  >&5
configure:16929: $? = 0
configure:16929: result: yes
configure:16929: checking for strndup
configure:16929: gcc -o conftest -g -O2   conftest.c  >&5
conftest.c:58:6: warning: conflicting types for built-in function 'strndup'
 char strndup ();
      ^
configure:16929: $? = 0
configure:16929: result: yes
configure:16929: checking for stpcpy
configure:16929: gcc -o conftest -g -O2   conftest.c  >&5
conftest.c:59:6: warning: conflicting types for built-in function 'stpcpy'
 char stpcpy ();
      ^
configure:16929: $? = 0
configure:16929: result: yes
configure:16941: checking for ppoll
configure:16941: gcc -o conftest -g -O2   conftest.c  >&5
configure:16941: $? = 0
configure:16941: result: yes
configure:16941: checking for clock_gettime
configure:16941: gcc -o conftest -g -O2   conftest.c  >&5
configure:16941: $? = 0
configure:16941: result: yes
configure:16952: checking whether to enable WIN32 build settings
configure:17065: result: no
configure:17101: checking for supported compiler flags
configure:17118: gcc -c -g -O2 -g  conftest.c >&5
configure:17118: $? = 0
configure:17118: gcc -c -g -O2 -Wall  conftest.c >&5
configure:17118: $? = 0
configure:17118: gcc -c -g -O2 -Wextra  conftest.c >&5
configure:17118: $? = 0
configure:17118: gcc -c -g -O2 -Wmissing-declarations  conftest.c >&5
configure:17118: $? = 0
configure:17118: gcc -c -g -O2 -Wredundant-decls  conftest.c >&5
configure:17118: $? = 0
configure:17118: gcc -c -g -O2 -Wshadow  conftest.c >&5
configure:17118: $? = 0
configure:17118: gcc -c -g -O2 -Wpointer-arith  conftest.c >&5
configure:17118: $? = 0
configure:17118: gcc -c -g -O2 -Wwrite-strings  conftest.c >&5
configure:17118: $? = 0
configure:17118: gcc -c -g -O2 -Wswitch-default  conftest.c >&5
configure:17118: $? = 0
configure:17118: gcc -c -g -O2 -Wno-unused-parameter  conftest.c >&5
configure:17118: $? = 0
configure:17132: result:  -g -Wall -Wextra -Wmissing-declarations -Wredundant-decls -Wshadow -Wpointer-arith -Wwrite-strings -Wswitch-default -Wno-unused-parameter
configure:17153: checking whether make supports nested variables
configure:17170: result: yes
configure:17293: checking that generated files are newer than configure
configure:17299: result: done
configure:17334: creating ./config.status

## ---------------------- ##
## Running config.status. ##
## ---------------------- ##

This file was extended by usbmuxd config.status 1.1.1, which was
generated by GNU Autoconf 2.69.  Invocation command line was

  CONFIG_FILES    = 
  CONFIG_HEADERS  = 
  CONFIG_LINKS    = 
  CONFIG_COMMANDS = 
  $ ./config.status 

on kist-B2

config.status:1192: creating Makefile
config.status:1192: creating src/Makefile
config.status:1192: creating udev/Makefile
config.status:1192: creating systemd/Makefile
config.status:1192: creating docs/Makefile
config.status:1192: creating config.h
config.status:1421: executing depfiles commands
config.status:1421: executing libtool commands

## ---------------- ##
## Cache variables. ##
## ---------------- ##

ac_cv_build=x86_64-pc-linux-gnu
ac_cv_c_compiler_gnu=yes
ac_cv_c_const=yes
ac_cv_c_uint16_t=yes
ac_cv_c_uint32_t=yes
ac_cv_c_uint8_t=yes
ac_cv_cxx_compiler_gnu=yes
ac_cv_env_CCC_set=
ac_cv_env_CCC_value=
ac_cv_env_CC_set=
ac_cv_env_CC_value=
ac_cv_env_CFLAGS_set=
ac_cv_env_CFLAGS_value=
ac_cv_env_CPPFLAGS_set=
ac_cv_env_CPPFLAGS_value=
ac_cv_env_CPP_set=
ac_cv_env_CPP_value=
ac_cv_env_CXXCPP_set=
ac_cv_env_CXXCPP_value=
ac_cv_env_CXXFLAGS_set=
ac_cv_env_CXXFLAGS_value=
ac_cv_env_CXX_set=
ac_cv_env_CXX_value=
ac_cv_env_LDFLAGS_set=
ac_cv_env_LDFLAGS_value=
ac_cv_env_LIBS_set=
ac_cv_env_LIBS_value=
ac_cv_env_LT_SYS_LIBRARY_PATH_set=
ac_cv_env_LT_SYS_LIBRARY_PATH_value=
ac_cv_env_PKG_CONFIG_LIBDIR_set=
ac_cv_env_PKG_CONFIG_LIBDIR_value=
ac_cv_env_PKG_CONFIG_PATH_set=set
ac_cv_env_PKG_CONFIG_PATH_value=/home/kist/km_ws/devel/lib/pkgconfig:/home/kist/pex_ws/devel/lib/pkgconfig:/home/kist/deeptask_catkin_ws/devel/lib/pkgconfig:/opt/ros/kinetic/lib/pkgconfig:/opt/ros/kinetic/lib/x86_64-linux-gnu/pkgconfig
ac_cv_env_PKG_CONFIG_set=
ac_cv_env_PKG_CONFIG_value=
ac_cv_env_build_alias_set=
ac_cv_env_build_alias_value=
ac_cv_env_host_alias_set=
ac_cv_env_host_alias_value=
ac_cv_env_libimobiledevice_CFLAGS_set=
ac_cv_env_libimobiledevice_CFLAGS_value=
ac_cv_env_libimobiledevice_LIBS_set=
ac_cv_env_libimobiledevice_LIBS_value=
ac_cv_env_libplist_CFLAGS_set=
ac_cv_env_libplist_CFLAGS_value=
ac_cv_env_libplist_LIBS_set=
ac_cv_env_libplist_LIBS_value=
ac_cv_env_libusb_CFLAGS_set=
ac_cv_env_libusb_CFLAGS_value=
ac_cv_env_libusb_LIBS_set=
ac_cv_env_libusb_LIBS_value=
ac_cv_env_target_alias_set=
ac_cv_env_target_alias_value=
ac_cv_func_clock_gettime=yes
ac_cv_func_malloc_0_nonnull=yes
ac_cv_func_ppoll=yes
ac_cv_func_realloc_0_nonnull=yes
ac_cv_func_stpcpy=yes
ac_cv_func_strcasecmp=yes
ac_cv_func_strdup=yes
ac_cv_func_strerror=yes
ac_cv_func_strndup=yes
ac_cv_header_dlfcn_h=yes
ac_cv_header_inttypes_h=yes
ac_cv_header_memory_h=yes
ac_cv_header_stdc=yes
ac_cv_header_stdint_h=yes
ac_cv_header_stdlib_h=yes
ac_cv_header_string_h=yes
ac_cv_header_strings_h=yes
ac_cv_header_sys_stat_h=yes
ac_cv_header_sys_types_h=yes
ac_cv_header_unistd_h=yes
ac_cv_host=x86_64-pc-linux-gnu
ac_cv_lib_pthread_pthread_create__pthread_mutex_lock=yes
ac_cv_objext=o
ac_cv_path_EGREP='/bin/grep -E'
ac_cv_path_FGREP='/bin/grep -F'
ac_cv_path_GREP=/bin/grep
ac_cv_path_SED=/bin/sed
ac_cv_path_ac_pt_PKG_CONFIG=/usr/bin/pkg-config
ac_cv_path_install='/usr/bin/install -c'
ac_cv_path_lt_DD=/bin/dd
ac_cv_path_mkdir=/bin/mkdir
ac_cv_prog_AWK=mawk
ac_cv_prog_CPP='gcc -E'
ac_cv_prog_CXXCPP='g++ -E'
ac_cv_prog_ac_ct_AR=ar
ac_cv_prog_ac_ct_CC=gcc
ac_cv_prog_ac_ct_CXX=g++
ac_cv_prog_ac_ct_MANIFEST_TOOL=mt
ac_cv_prog_ac_ct_OBJDUMP=objdump
ac_cv_prog_ac_ct_RANLIB=ranlib
ac_cv_prog_ac_ct_STRIP=strip
ac_cv_prog_cc_c89=
ac_cv_prog_cc_g=yes
ac_cv_prog_cxx_g=yes
ac_cv_prog_make_make_set=yes
ac_cv_type_size_t=yes
ac_cv_type_ssize_t=yes
am_cv_CC_dependencies_compiler_type=gcc3
am_cv_CXX_dependencies_compiler_type=gcc3
am_cv_make_support_nested_variables=yes
am_cv_prog_cc_c_o=yes
lt_cv_ar_at_file=@
lt_cv_archive_cmds_need_lc=no
lt_cv_deplibs_check_method=pass_all
lt_cv_file_magic_cmd='$MAGIC_CMD'
lt_cv_file_magic_test_file=
lt_cv_ld_reload_flag=-r
lt_cv_nm_interface='BSD nm'
lt_cv_objdir=.libs
lt_cv_path_LD=/usr/bin/ld
lt_cv_path_LDCXX='/usr/bin/ld -m elf_x86_64'
lt_cv_path_NM='/usr/bin/nm -B'
lt_cv_path_mainfest_tool=no
lt_cv_prog_compiler_c_o=yes
lt_cv_prog_compiler_c_o_CXX=yes
lt_cv_prog_compiler_pic='-fPIC -DPIC'
lt_cv_prog_compiler_pic_CXX='-fPIC -DPIC'
lt_cv_prog_compiler_pic_works=yes
lt_cv_prog_compiler_pic_works_CXX=yes
lt_cv_prog_compiler_rtti_exceptions=no
lt_cv_prog_compiler_static_works=yes
lt_cv_prog_compiler_static_works_CXX=yes
lt_cv_prog_gnu_ld=yes
lt_cv_prog_gnu_ldcxx=yes
lt_cv_sharedlib_from_linklib_cmd='printf %s\n'
lt_cv_shlibpath_overrides_runpath=no
lt_cv_sys_global_symbol_pipe='sed -n -e '\''s/^.*[	 ]\([ABCDGIRSTW][ABCDGIRSTW]*\)[	 ][	 ]*\([_A-Za-z][_A-Za-z0-9]*\)$/\1 \2 \2/p'\'' | sed '\''/ __gnu_lto/d'\'''
lt_cv_sys_global_symbol_to_c_name_address='sed -n -e '\''s/^: \(.*\) .*$/  {"\1", (void *) 0},/p'\'' -e '\''s/^[ABCDGIRSTW][ABCDGIRSTW]* .* \(.*\)$/  {"\1", (void *) \&\1},/p'\'''
lt_cv_sys_global_symbol_to_c_name_address_lib_prefix='sed -n -e '\''s/^: \(.*\) .*$/  {"\1", (void *) 0},/p'\'' -e '\''s/^[ABCDGIRSTW][ABCDGIRSTW]* .* \(lib.*\)$/  {"\1", (void *) \&\1},/p'\'' -e '\''s/^[ABCDGIRSTW][ABCDGIRSTW]* .* \(.*\)$/  {"lib\1", (void *) \&\1},/p'\'''
lt_cv_sys_global_symbol_to_cdecl='sed -n -e '\''s/^T .* \(.*\)$/extern int \1();/p'\'' -e '\''s/^[ABCDGIRSTW][ABCDGIRSTW]* .* \(.*\)$/extern char \1;/p'\'''
lt_cv_sys_global_symbol_to_import=
lt_cv_sys_max_cmd_len=1572864
lt_cv_to_host_file_cmd=func_convert_file_noop
lt_cv_to_tool_file_cmd=func_convert_file_noop
lt_cv_truncate_bin='/bin/dd bs=4096 count=1'
pkg_cv_libimobiledevice_CFLAGS='-I/usr/include/p11-kit-1 -I/usr/include/libxml2'
pkg_cv_libimobiledevice_LIBS='-limobiledevice -lplist'
pkg_cv_libplist_CFLAGS=-I/usr/include/libxml2
pkg_cv_libplist_LIBS=-lplist
pkg_cv_libusb_CFLAGS=-I/usr/include/libusb-1.0
pkg_cv_libusb_LIBS=-lusb-1.0

## ----------------- ##
## Output variables. ##
## ----------------- ##

ACLOCAL='${SHELL} /home/kist/catkin_ws/src/human_cozmo_interaction/usbmuxd/missing aclocal-1.15'
AMDEPBACKSLASH='\'
AMDEP_FALSE='#'
AMDEP_TRUE=''
AMTAR='$${TAR-tar}'
AM_BACKSLASH='\'
AM_DEFAULT_V='$(AM_DEFAULT_VERBOSITY)'
AM_DEFAULT_VERBOSITY='0'
AM_V='$(V)'
AR='ar'
AUTOCONF='${SHELL} /home/kist/catkin_ws/src/human_cozmo_interaction/usbmuxd/missing autoconf'
AUTOHEADER='${SHELL} /home/kist/catkin_ws/src/human_cozmo_interaction/usbmuxd/missing autoheader'
AUTOMAKE='${SHELL} /home/kist/catkin_ws/src/human_cozmo_interaction/usbmuxd/missing automake-1.15'
AWK='mawk'
CC='gcc'
CCDEPMODE='depmode=gcc3'
CFLAGS='-g -O2'
CPP='gcc -E'
CPPFLAGS=''
CXX='g++'
CXXCPP='g++ -E'
CXXDEPMODE='depmode=gcc3'
CXXFLAGS='-g -O2'
CYGPATH_W='echo'
DEFS='-DHAVE_CONFIG_H'
DEPDIR='.deps'
DLLTOOL='false'
DSYMUTIL=''
DUMPBIN=''
ECHO_C=''
ECHO_N='-n'
ECHO_T=''
EGREP='/bin/grep -E'
EXEEXT=''
FGREP='/bin/grep -F'
GLOBAL_CFLAGS='  -g -Wall -Wextra -Wmissing-declarations -Wredundant-decls -Wshadow -Wpointer-arith -Wwrite-strings -Wswitch-default -Wno-unused-parameter'
GREP='/bin/grep'
INSTALL_DATA='${INSTALL} -m 644'
INSTALL_PROGRAM='${INSTALL}'
INSTALL_SCRIPT='${INSTALL}'
INSTALL_STRIP_PROGRAM='$(install_sh) -c -s'
LD='/usr/bin/ld -m elf_x86_64'
LDFLAGS=''
LIBOBJS=''
LIBS=''
LIBTOOL='$(SHELL) $(top_builddir)/libtool'
LIPO=''
LN_S='ln -s'
LTLIBOBJS=''
LT_SYS_LIBRARY_PATH=''
MAKEINFO='${SHELL} /home/kist/catkin_ws/src/human_cozmo_interaction/usbmuxd/missing makeinfo'
MANIFEST_TOOL=':'
MKDIR_P='/bin/mkdir -p'
NM='/usr/bin/nm -B'
NMEDIT=''
OBJDUMP='objdump'
OBJEXT='o'
OTOOL64=''
OTOOL=''
PACKAGE='usbmuxd'
PACKAGE_BUGREPORT='https://github.com/libimobiledevice/usbmuxd/issues'
PACKAGE_NAME='usbmuxd'
PACKAGE_STRING='usbmuxd 1.1.1'
PACKAGE_TARNAME='usbmuxd'
PACKAGE_URL='http://libimobiledevice.org'
PACKAGE_VERSION='1.1.1'
PATH_SEPARATOR=':'
PKG_CONFIG='/usr/bin/pkg-config'
PKG_CONFIG_LIBDIR=''
PKG_CONFIG_PATH='/home/kist/km_ws/devel/lib/pkgconfig:/home/kist/pex_ws/devel/lib/pkgconfig:/home/kist/deeptask_catkin_ws/devel/lib/pkgconfig:/opt/ros/kinetic/lib/pkgconfig:/opt/ros/kinetic/lib/x86_64-linux-gnu/pkgconfig'
RANLIB='ranlib'
SED='/bin/sed'
SET_MAKE=''
SHELL='/bin/bash'
STRIP='strip'
SYSTEMD_SUB='systemd'
UDEV_SUB='udev'
VERSION='1.1.1'
WANT_SYSTEMD_FALSE='#'
WANT_SYSTEMD_TRUE=''
WIN32_FALSE=''
WIN32_TRUE='#'
WINDRES=''
ac_ct_AR='ar'
ac_ct_CC='gcc'
ac_ct_CXX='g++'
ac_ct_DUMPBIN=''
am__EXEEXT_FALSE=''
am__EXEEXT_TRUE='#'
am__fastdepCC_FALSE='#'
am__fastdepCC_TRUE=''
am__fastdepCXX_FALSE='#'
am__fastdepCXX_TRUE=''
am__include='include'
am__isrc=''
am__leading_dot='.'
am__nodep='_no'
am__quote=''
am__tar='$${TAR-tar} chof - "$$tardir"'
am__untar='$${TAR-tar} xf -'
bindir='${exec_prefix}/bin'
build='x86_64-pc-linux-gnu'
build_alias=''
build_cpu='x86_64'
build_os='linux-gnu'
build_vendor='pc'
datadir='${datarootdir}'
datarootdir='${prefix}/share'
docdir='${datarootdir}/doc/${PACKAGE_TARNAME}'
dvidir='${docdir}'
exec_prefix='${prefix}'
host='x86_64-pc-linux-gnu'
host_alias=''
host_cpu='x86_64'
host_os='linux-gnu'
host_vendor='pc'
htmldir='${docdir}'
includedir='${prefix}/include'
infodir='${datarootdir}/info'
install_sh='${SHELL} /home/kist/catkin_ws/src/human_cozmo_interaction/usbmuxd/install-sh'
libdir='${exec_prefix}/lib'
libexecdir='${exec_prefix}/libexec'
libimobiledevice_CFLAGS='-I/usr/include/p11-kit-1 -I/usr/include/libxml2'
libimobiledevice_LIBS='-limobiledevice -lplist'
libplist_CFLAGS='-I/usr/include/libxml2'
libplist_LIBS='-lplist'
libpthread_LIBS='-lpthread'
libusb_CFLAGS='-I/usr/include/libusb-1.0'
libusb_LIBS='-lusb-1.0'
localedir='${datarootdir}/locale'
localstatedir='${prefix}/var'
mandir='${datarootdir}/man'
mkdir_p='$(MKDIR_P)'
oldincludedir='/usr/include'
pdfdir='${docdir}'
prefix='/usr/local'
program_transform_name='s,x,x,'
psdir='${docdir}'
runstatedir='${localstatedir}/run'
sbindir='${exec_prefix}/sbin'
sharedstatedir='${prefix}/com'
sysconfdir='${prefix}/etc'
systemdsystemunitdir='/lib/systemd/system'
target_alias=''
udev_activation_rule='ENV{SYSTEMD_WANTS}="usbmuxd.service"'
udevrulesdir='/lib/udev/rules.d'

## ----------- ##
## confdefs.h. ##
## ----------- ##

/* confdefs.h */
#define PACKAGE_NAME "usbmuxd"
#define PACKAGE_TARNAME "usbmuxd"
#define PACKAGE_VERSION "1.1.1"
#define PACKAGE_STRING "usbmuxd 1.1.1"
#define PACKAGE_BUGREPORT "https://github.com/libimobiledevice/usbmuxd/issues"
#define PACKAGE_URL "http://libimobiledevice.org"
#define PACKAGE "usbmuxd"
#define VERSION "1.1.1"
#define STDC_HEADERS 1
#define HAVE_SYS_TYPES_H 1
#define HAVE_SYS_STAT_H 1
#define HAVE_STDLIB_H 1
#define HAVE_STRING_H 1
#define HAVE_MEMORY_H 1
#define HAVE_STRINGS_H 1
#define HAVE_INTTYPES_H 1
#define HAVE_STDINT_H 1
#define HAVE_UNISTD_H 1
#define HAVE_DLFCN_H 1
#define LT_OBJDIR ".libs/"
#define HAVE_LIBIMOBILEDEVICE 1
#define STDC_HEADERS 1
#define HAVE_STDINT_H 1
#define HAVE_STDLIB_H 1
#define HAVE_STRING_H 1
#define HAVE_STDLIB_H 1
#define HAVE_MALLOC 1
#define HAVE_STDLIB_H 1
#define HAVE_REALLOC 1
#define HAVE_STRCASECMP 1
#define HAVE_STRDUP 1
#define HAVE_STRERROR 1
#define HAVE_STRNDUP 1
#define HAVE_STPCPY 1
#define HAVE_PPOLL 1
#define HAVE_CLOCK_GETTIME 1
#define HAVE_UDEV 1
#define HAVE_SYSTEMD 1

configure: exit 0
